0 info it worked if it ends with ok
1 verbose cli [ 'C:\\Program Files\\nodejs\\\\node.exe',
1 verbose cli   'C:\\Program Files\\nodejs\\node_modules\\npm\\bin\\npm-cli.js',
1 verbose cli   'install',
1 verbose cli   'magnific',
1 verbose cli   '-popup' ]
2 info using npm@1.4.28
3 info using node@v0.10.33
4 verbose node symlink C:\Program Files\nodejs\\node.exe
5 verbose cache add [ 'magnific', null ]
6 verbose cache add name=undefined spec="magnific" args=["magnific",null]
7 verbose parsed url { protocol: null,
7 verbose parsed url   slashes: null,
7 verbose parsed url   auth: null,
7 verbose parsed url   host: null,
7 verbose parsed url   port: null,
7 verbose parsed url   hostname: null,
7 verbose parsed url   hash: null,
7 verbose parsed url   search: null,
7 verbose parsed url   query: null,
7 verbose parsed url   pathname: 'magnific',
7 verbose parsed url   path: 'magnific',
7 verbose parsed url   href: 'magnific' }
8 silly lockFile ef57f856-magnific magnific
9 verbose lock magnific C:\Users\user\AppData\Roaming\npm-cache\ef57f856-magnific.lock
10 silly lockFile ef57f856-magnific magnific
11 silly lockFile ef57f856-magnific magnific
12 verbose addNamed [ 'magnific', '' ]
13 verbose addNamed [ null, '*' ]
14 silly lockFile b386d140-magnific magnific@
15 verbose lock magnific@ C:\Users\user\AppData\Roaming\npm-cache\b386d140-magnific.lock
16 silly addNameRange { name: 'magnific', range: '*', hasData: false }
17 verbose request where is /magnific
18 verbose request registry https://registry.npmjs.org/
19 verbose request id 682ccc9c9421c8dc
20 verbose url raw /magnific
21 verbose url resolving [ 'https://registry.npmjs.org/', './magnific' ]
22 verbose url resolved https://registry.npmjs.org/magnific
23 verbose request where is https://registry.npmjs.org/magnific
24 info trying registry request attempt 1 at 15:20:00
25 http GET https://registry.npmjs.org/magnific
26 http 404 https://registry.npmjs.org/magnific
27 verbose headers { date: 'Tue, 24 Mar 2015 20:20:00 GMT',
27 verbose headers   server: 'CouchDB/1.5.0 (Erlang OTP/R16B03)',
27 verbose headers   'content-type': 'application/json',
27 verbose headers   'cache-control': 'max-age=0',
27 verbose headers   'content-length': '51',
27 verbose headers   'accept-ranges': 'bytes',
27 verbose headers   via: '1.1 varnish',
27 verbose headers   age: '0',
27 verbose headers   'x-served-by': 'cache-iad2133-IAD',
27 verbose headers   'x-cache': 'MISS',
27 verbose headers   'x-cache-hits': '0',
27 verbose headers   'x-timer': 'S1427228400.453713,VS0,VE90',
27 verbose headers   'keep-alive': 'timeout=10, max=50',
27 verbose headers   connection: 'Keep-Alive' }
28 silly registry.get cb [ 404,
28 silly registry.get   { date: 'Tue, 24 Mar 2015 20:20:00 GMT',
28 silly registry.get     server: 'CouchDB/1.5.0 (Erlang OTP/R16B03)',
28 silly registry.get     'content-type': 'application/json',
28 silly registry.get     'cache-control': 'max-age=0',
28 silly registry.get     'content-length': '51',
28 silly registry.get     'accept-ranges': 'bytes',
28 silly registry.get     via: '1.1 varnish',
28 silly registry.get     age: '0',
28 silly registry.get     'x-served-by': 'cache-iad2133-IAD',
28 silly registry.get     'x-cache': 'MISS',
28 silly registry.get     'x-cache-hits': '0',
28 silly registry.get     'x-timer': 'S1427228400.453713,VS0,VE90',
28 silly registry.get     'keep-alive': 'timeout=10, max=50',
28 silly registry.get     connection: 'Keep-Alive' } ]
29 silly lockFile b386d140-magnific magnific@
30 silly lockFile b386d140-magnific magnific@
31 error 404 404 Not Found: magnific
31 error 404
31 error 404 'magnific' is not in the npm registry.
31 error 404 You should bug the author to publish it
31 error 404
31 error 404 Note that you can also install from a
31 error 404 tarball, folder, or http url, or git url.
32 error System Windows_NT 6.2.9200
33 error command "C:\\Program Files\\nodejs\\\\node.exe" "C:\\Program Files\\nodejs\\node_modules\\npm\\bin\\npm-cli.js" "install" "magnific" "-popup"
34 error cwd C:\Users\user\Dropbox\Integratic\integratic_1.0
35 error node -v v0.10.33
36 error npm -v 1.4.28
37 error code E404
38 verbose exit [ 1, true ]
